{"/Users/macbook/Documents/ppl-backend/server.js": {"path":"/Users/macbook/Documents/ppl-backend/server.js","statementMap":{"0":{"start":{"line":1,"column":16},"end":{"line":1,"column":34}},"1":{"start":{"line":2,"column":19},"end":{"line":2,"column":41}},"2":{"start":{"line":3,"column":13},"end":{"line":3,"column":28}},"3":{"start":{"line":4,"column":12},"end":{"line":4,"column":21}},"4":{"start":{"line":5,"column":17},"end":{"line":5,"column":41}},"5":{"start":{"line":7,"column":18},"end":{"line":7,"column":47}},"6":{"start":{"line":8,"column":20},"end":{"line":8,"column":51}},"7":{"start":{"line":9,"column":22},"end":{"line":9,"column":55}},"8":{"start":{"line":10,"column":21},"end":{"line":10,"column":53}},"9":{"start":{"line":11,"column":23},"end":{"line":11,"column":57}},"10":{"start":{"line":13,"column":0},"end":{"line":13,"column":16}},"11":{"start":{"line":14,"column":0},"end":{"line":14,"column":52}},"12":{"start":{"line":15,"column":0},"end":{"line":15,"column":27}},"13":{"start":{"line":16,"column":0},"end":{"line":16,"column":27}},"14":{"start":{"line":18,"column":0},"end":{"line":18,"column":29}},"15":{"start":{"line":19,"column":0},"end":{"line":19,"column":31}},"16":{"start":{"line":20,"column":0},"end":{"line":20,"column":33}},"17":{"start":{"line":21,"column":0},"end":{"line":21,"column":32}},"18":{"start":{"line":22,"column":0},"end":{"line":22,"column":34}},"19":{"start":{"line":24,"column":13},"end":{"line":24,"column":37}},"20":{"start":{"line":26,"column":0},"end":{"line":28,"column":3}},"21":{"start":{"line":27,"column":2},"end":{"line":27,"column":69}},"22":{"start":{"line":30,"column":0},"end":{"line":30,"column":21}}},"fnMap":{"0":{"name":"(anonymous_0)","decl":{"start":{"line":26,"column":17},"end":{"line":26,"column":18}},"loc":{"start":{"line":26,"column":23},"end":{"line":28,"column":1}},"line":26}},"branchMap":{"0":{"loc":{"start":{"line":24,"column":13},"end":{"line":24,"column":37}},"type":"binary-expr","locations":[{"start":{"line":24,"column":13},"end":{"line":24,"column":29}},{"start":{"line":24,"column":33},"end":{"line":24,"column":37}}],"line":24}},"s":{"0":1,"1":1,"2":1,"3":1,"4":1,"5":1,"6":1,"7":1,"8":1,"9":1,"10":1,"11":1,"12":1,"13":1,"14":1,"15":1,"16":1,"17":1,"18":1,"19":1,"20":1,"21":0,"22":1},"f":{"0":0},"b":{"0":[1,1]},"_coverageSchema":"1a1c01bbd47fc00a2c39e90264f33305004495a9","hash":"591b79646b8ceb4628d44b5eae3be6b5e3157044"}
,"/Users/macbook/Documents/ppl-backend/config/config.js": {"path":"/Users/macbook/Documents/ppl-backend/config/config.js","statementMap":{"0":{"start":{"line":1,"column":0},"end":{"line":1,"column":27}},"1":{"start":{"line":2,"column":0},"end":{"line":24,"column":1}}},"fnMap":{},"branchMap":{"0":{"loc":{"start":{"line":7,"column":12},"end":{"line":7,"column":39}},"type":"binary-expr","locations":[{"start":{"line":7,"column":12},"end":{"line":7,"column":31}},{"start":{"line":7,"column":35},"end":{"line":7,"column":39}}],"line":7}},"s":{"0":1,"1":1},"f":{},"b":{"0":[1,0]},"_coverageSchema":"1a1c01bbd47fc00a2c39e90264f33305004495a9","hash":"3297a41d8be46d0bfac9f844eebfed5acff030c5"}
,"/Users/macbook/Documents/ppl-backend/controllers/pemupukanController.js": {"path":"/Users/macbook/Documents/ppl-backend/controllers/pemupukanController.js","statementMap":{"0":{"start":{"line":1,"column":25},"end":{"line":1,"column":64}},"1":{"start":{"line":3,"column":16},"end":{"line":5,"column":1}},"2":{"start":{"line":7,"column":16},"end":{"line":9,"column":1}},"3":{"start":{"line":11,"column":18},"end":{"line":35,"column":1}},"4":{"start":{"line":12,"column":4},"end":{"line":34,"column":5}},"5":{"start":{"line":13,"column":24},"end":{"line":13,"column":40}},"6":{"start":{"line":14,"column":27},"end":{"line":14,"column":73}},"7":{"start":{"line":15,"column":8},"end":{"line":27,"column":9}},"8":{"start":{"line":16,"column":12},"end":{"line":20,"column":15}},"9":{"start":{"line":22,"column":12},"end":{"line":26,"column":15}},"10":{"start":{"line":29,"column":8},"end":{"line":29,"column":29}},"11":{"start":{"line":30,"column":8},"end":{"line":33,"column":11}},"12":{"start":{"line":37,"column":21},"end":{"line":61,"column":1}},"13":{"start":{"line":38,"column":4},"end":{"line":60,"column":5}},"14":{"start":{"line":39,"column":24},"end":{"line":39,"column":40}},"15":{"start":{"line":40,"column":30},"end":{"line":40,"column":79}},"16":{"start":{"line":41,"column":8},"end":{"line":53,"column":9}},"17":{"start":{"line":42,"column":12},"end":{"line":46,"column":15}},"18":{"start":{"line":48,"column":12},"end":{"line":52,"column":15}},"19":{"start":{"line":55,"column":8},"end":{"line":55,"column":29}},"20":{"start":{"line":56,"column":8},"end":{"line":59,"column":11}},"21":{"start":{"line":63,"column":18},"end":{"line":97,"column":1}},"22":{"start":{"line":64,"column":4},"end":{"line":96,"column":5}},"23":{"start":{"line":65,"column":24},"end":{"line":65,"column":40}},"24":{"start":{"line":69,"column":12},"end":{"line":69,"column":20}},"25":{"start":{"line":70,"column":27},"end":{"line":74,"column":9}},"26":{"start":{"line":75,"column":26},"end":{"line":75,"column":75}},"27":{"start":{"line":76,"column":8},"end":{"line":89,"column":9}},"28":{"start":{"line":77,"column":12},"end":{"line":77,"column":76}},"29":{"start":{"line":78,"column":12},"end":{"line":82,"column":15}},"30":{"start":{"line":84,"column":12},"end":{"line":88,"column":15}},"31":{"start":{"line":91,"column":8},"end":{"line":91,"column":29}},"32":{"start":{"line":92,"column":8},"end":{"line":95,"column":11}},"33":{"start":{"line":99,"column":21},"end":{"line":101,"column":1}},"34":{"start":{"line":103,"column":21},"end":{"line":129,"column":1}},"35":{"start":{"line":104,"column":4},"end":{"line":128,"column":5}},"36":{"start":{"line":105,"column":26},"end":{"line":105,"column":46}},"37":{"start":{"line":106,"column":28},"end":{"line":106,"column":65}},"38":{"start":{"line":108,"column":30},"end":{"line":108,"column":91}},"39":{"start":{"line":110,"column":8},"end":{"line":121,"column":9}},"40":{"start":{"line":111,"column":12},"end":{"line":115,"column":15}},"41":{"start":{"line":117,"column":12},"end":{"line":120,"column":15}},"42":{"start":{"line":123,"column":8},"end":{"line":123,"column":29}},"43":{"start":{"line":124,"column":8},"end":{"line":127,"column":11}},"44":{"start":{"line":131,"column":0},"end":{"line":139,"column":1}}},"fnMap":{"0":{"name":"(anonymous_0)","decl":{"start":{"line":3,"column":16},"end":{"line":3,"column":17}},"loc":{"start":{"line":3,"column":22},"end":{"line":5,"column":1}},"line":3},"1":{"name":"(anonymous_1)","decl":{"start":{"line":7,"column":16},"end":{"line":7,"column":17}},"loc":{"start":{"line":7,"column":22},"end":{"line":9,"column":1}},"line":7},"2":{"name":"(anonymous_2)","decl":{"start":{"line":11,"column":18},"end":{"line":11,"column":19}},"loc":{"start":{"line":11,"column":38},"end":{"line":35,"column":1}},"line":11},"3":{"name":"(anonymous_3)","decl":{"start":{"line":37,"column":21},"end":{"line":37,"column":22}},"loc":{"start":{"line":37,"column":41},"end":{"line":61,"column":1}},"line":37},"4":{"name":"(anonymous_4)","decl":{"start":{"line":63,"column":18},"end":{"line":63,"column":19}},"loc":{"start":{"line":63,"column":38},"end":{"line":97,"column":1}},"line":63},"5":{"name":"(anonymous_5)","decl":{"start":{"line":99,"column":21},"end":{"line":99,"column":22}},"loc":{"start":{"line":99,"column":27},"end":{"line":101,"column":1}},"line":99},"6":{"name":"(anonymous_6)","decl":{"start":{"line":103,"column":21},"end":{"line":103,"column":22}},"loc":{"start":{"line":103,"column":41},"end":{"line":129,"column":1}},"line":103}},"branchMap":{"0":{"loc":{"start":{"line":15,"column":8},"end":{"line":27,"column":9}},"type":"if","locations":[{"start":{"line":15,"column":8},"end":{"line":27,"column":9}},{"start":{"line":21,"column":13},"end":{"line":27,"column":9}}],"line":15},"1":{"loc":{"start":{"line":41,"column":8},"end":{"line":53,"column":9}},"type":"if","locations":[{"start":{"line":41,"column":8},"end":{"line":53,"column":9}},{"start":{"line":47,"column":13},"end":{"line":53,"column":9}}],"line":41},"2":{"loc":{"start":{"line":76,"column":8},"end":{"line":89,"column":9}},"type":"if","locations":[{"start":{"line":76,"column":8},"end":{"line":89,"column":9}},{"start":{"line":83,"column":13},"end":{"line":89,"column":9}}],"line":76},"3":{"loc":{"start":{"line":110,"column":8},"end":{"line":121,"column":9}},"type":"if","locations":[{"start":{"line":110,"column":8},"end":{"line":121,"column":9}},{"start":{"line":116,"column":15},"end":{"line":121,"column":9}}],"line":110}},"s":{"0":1,"1":1,"2":1,"3":1,"4":0,"5":0,"6":0,"7":0,"8":0,"9":0,"10":0,"11":0,"12":1,"13":0,"14":0,"15":0,"16":0,"17":0,"18":0,"19":0,"20":0,"21":1,"22":0,"23":0,"24":0,"25":0,"26":0,"27":0,"28":0,"29":0,"30":0,"31":0,"32":0,"33":1,"34":1,"35":0,"36":0,"37":0,"38":0,"39":0,"40":0,"41":0,"42":0,"43":0,"44":1},"f":{"0":0,"1":0,"2":0,"3":0,"4":0,"5":0,"6":0},"b":{"0":[0,0],"1":[0,0],"2":[0,0],"3":[0,0]},"_coverageSchema":"1a1c01bbd47fc00a2c39e90264f33305004495a9","hash":"57f022fe792a32fa7784f452e59d4eaa776c1334"}
,"/Users/macbook/Documents/ppl-backend/controllers/profileController.js": {"path":"/Users/macbook/Documents/ppl-backend/controllers/profileController.js","statementMap":{"0":{"start":{"line":1,"column":23},"end":{"line":1,"column":60}},"1":{"start":{"line":2,"column":19},"end":{"line":2,"column":51}},"2":{"start":{"line":4,"column":19},"end":{"line":29,"column":1}},"3":{"start":{"line":5,"column":4},"end":{"line":28,"column":5}},"4":{"start":{"line":6,"column":21},"end":{"line":6,"column":29}},"5":{"start":{"line":7,"column":8},"end":{"line":12,"column":9}},"6":{"start":{"line":8,"column":12},"end":{"line":11,"column":15}},"7":{"start":{"line":13,"column":24},"end":{"line":13,"column":36}},"8":{"start":{"line":14,"column":25},"end":{"line":14,"column":70}},"9":{"start":{"line":16,"column":8},"end":{"line":20,"column":11}},"10":{"start":{"line":23,"column":8},"end":{"line":23,"column":29}},"11":{"start":{"line":24,"column":8},"end":{"line":27,"column":11}},"12":{"start":{"line":31,"column":22},"end":{"line":76,"column":1}},"13":{"start":{"line":32,"column":4},"end":{"line":75,"column":5}},"14":{"start":{"line":33,"column":21},"end":{"line":33,"column":29}},"15":{"start":{"line":34,"column":8},"end":{"line":39,"column":9}},"16":{"start":{"line":35,"column":12},"end":{"line":38,"column":15}},"17":{"start":{"line":40,"column":24},"end":{"line":40,"column":36}},"18":{"start":{"line":41,"column":51},"end":{"line":41,"column":59}},"19":{"start":{"line":43,"column":32},"end":{"line":43,"column":77}},"20":{"start":{"line":44,"column":8},"end":{"line":44,"column":37}},"21":{"start":{"line":45,"column":28},"end":{"line":52,"column":9}},"22":{"start":{"line":53,"column":8},"end":{"line":53,"column":33}},"23":{"start":{"line":55,"column":25},"end":{"line":55,"column":83}},"24":{"start":{"line":57,"column":8},"end":{"line":68,"column":9}},"25":{"start":{"line":58,"column":12},"end":{"line":62,"column":15}},"26":{"start":{"line":64,"column":12},"end":{"line":67,"column":15}},"27":{"start":{"line":70,"column":8},"end":{"line":70,"column":29}},"28":{"start":{"line":71,"column":8},"end":{"line":74,"column":11}},"29":{"start":{"line":78,"column":24},"end":{"line":100,"column":1}},"30":{"start":{"line":79,"column":4},"end":{"line":99,"column":5}},"31":{"start":{"line":80,"column":24},"end":{"line":80,"column":40}},"32":{"start":{"line":81,"column":25},"end":{"line":81,"column":42}},"33":{"start":{"line":82,"column":32},"end":{"line":82,"column":85}},"34":{"start":{"line":83,"column":8},"end":{"line":93,"column":9}},"35":{"start":{"line":84,"column":12},"end":{"line":87,"column":15}},"36":{"start":{"line":89,"column":12},"end":{"line":92,"column":15}},"37":{"start":{"line":95,"column":8},"end":{"line":98,"column":11}},"38":{"start":{"line":102,"column":0},"end":{"line":106,"column":1}}},"fnMap":{"0":{"name":"(anonymous_0)","decl":{"start":{"line":4,"column":19},"end":{"line":4,"column":20}},"loc":{"start":{"line":4,"column":39},"end":{"line":29,"column":1}},"line":4},"1":{"name":"(anonymous_1)","decl":{"start":{"line":31,"column":22},"end":{"line":31,"column":23}},"loc":{"start":{"line":31,"column":42},"end":{"line":76,"column":1}},"line":31},"2":{"name":"(anonymous_2)","decl":{"start":{"line":78,"column":24},"end":{"line":78,"column":25}},"loc":{"start":{"line":78,"column":44},"end":{"line":100,"column":1}},"line":78}},"branchMap":{"0":{"loc":{"start":{"line":7,"column":8},"end":{"line":12,"column":9}},"type":"if","locations":[{"start":{"line":7,"column":8},"end":{"line":12,"column":9}},{"start":{},"end":{}}],"line":7},"1":{"loc":{"start":{"line":34,"column":8},"end":{"line":39,"column":9}},"type":"if","locations":[{"start":{"line":34,"column":8},"end":{"line":39,"column":9}},{"start":{},"end":{}}],"line":34},"2":{"loc":{"start":{"line":46,"column":22},"end":{"line":46,"column":58}},"type":"binary-expr","locations":[{"start":{"line":46,"column":22},"end":{"line":46,"column":30}},{"start":{"line":46,"column":34},"end":{"line":46,"column":58}}],"line":46},"3":{"loc":{"start":{"line":48,"column":19},"end":{"line":48,"column":49}},"type":"binary-expr","locations":[{"start":{"line":48,"column":19},"end":{"line":48,"column":24}},{"start":{"line":48,"column":28},"end":{"line":48,"column":49}}],"line":48},"4":{"loc":{"start":{"line":49,"column":20},"end":{"line":49,"column":52}},"type":"binary-expr","locations":[{"start":{"line":49,"column":20},"end":{"line":49,"column":26}},{"start":{"line":49,"column":30},"end":{"line":49,"column":52}}],"line":49},"5":{"loc":{"start":{"line":50,"column":19},"end":{"line":50,"column":49}},"type":"binary-expr","locations":[{"start":{"line":50,"column":19},"end":{"line":50,"column":24}},{"start":{"line":50,"column":28},"end":{"line":50,"column":49}}],"line":50},"6":{"loc":{"start":{"line":57,"column":8},"end":{"line":68,"column":9}},"type":"if","locations":[{"start":{"line":57,"column":8},"end":{"line":68,"column":9}},{"start":{"line":63,"column":15},"end":{"line":68,"column":9}}],"line":57},"7":{"loc":{"start":{"line":83,"column":8},"end":{"line":93,"column":9}},"type":"if","locations":[{"start":{"line":83,"column":8},"end":{"line":93,"column":9}},{"start":{"line":88,"column":13},"end":{"line":93,"column":9}}],"line":83}},"s":{"0":1,"1":1,"2":1,"3":0,"4":0,"5":0,"6":0,"7":0,"8":0,"9":0,"10":0,"11":0,"12":1,"13":0,"14":0,"15":0,"16":0,"17":0,"18":0,"19":0,"20":0,"21":0,"22":0,"23":0,"24":0,"25":0,"26":0,"27":0,"28":0,"29":1,"30":0,"31":0,"32":0,"33":0,"34":0,"35":0,"36":0,"37":0,"38":1},"f":{"0":0,"1":0,"2":0},"b":{"0":[0,0],"1":[0,0],"2":[0,0],"3":[0,0],"4":[0,0],"5":[0,0],"6":[0,0],"7":[0,0]},"_coverageSchema":"1a1c01bbd47fc00a2c39e90264f33305004495a9","hash":"3ecf7755493352855f8ea88ef8bbd9b14e5ba2cb"}
,"/Users/macbook/Documents/ppl-backend/controllers/sensorController.js": {"path":"/Users/macbook/Documents/ppl-backend/controllers/sensorController.js","statementMap":{"0":{"start":{"line":1,"column":22},"end":{"line":1,"column":58}},"1":{"start":{"line":3,"column":19},"end":{"line":16,"column":1}},"2":{"start":{"line":4,"column":4},"end":{"line":15,"column":5}},"3":{"start":{"line":5,"column":33},"end":{"line":5,"column":68}},"4":{"start":{"line":6,"column":8},"end":{"line":10,"column":11}},"5":{"start":{"line":11,"column":8},"end":{"line":11,"column":80}},"6":{"start":{"line":13,"column":8},"end":{"line":13,"column":29}},"7":{"start":{"line":14,"column":8},"end":{"line":14,"column":83}},"8":{"start":{"line":18,"column":21},"end":{"line":32,"column":1}},"9":{"start":{"line":19,"column":4},"end":{"line":31,"column":5}},"10":{"start":{"line":20,"column":27},"end":{"line":20,"column":56}},"11":{"start":{"line":21,"column":30},"end":{"line":21,"column":79}},"12":{"start":{"line":22,"column":8},"end":{"line":28,"column":9}},"13":{"start":{"line":23,"column":12},"end":{"line":27,"column":15}},"14":{"start":{"line":30,"column":8},"end":{"line":30,"column":67}},"15":{"start":{"line":34,"column":0},"end":{"line":37,"column":1}}},"fnMap":{"0":{"name":"(anonymous_0)","decl":{"start":{"line":3,"column":19},"end":{"line":3,"column":20}},"loc":{"start":{"line":3,"column":39},"end":{"line":16,"column":1}},"line":3},"1":{"name":"(anonymous_1)","decl":{"start":{"line":18,"column":21},"end":{"line":18,"column":22}},"loc":{"start":{"line":18,"column":41},"end":{"line":32,"column":1}},"line":18}},"branchMap":{"0":{"loc":{"start":{"line":22,"column":8},"end":{"line":28,"column":9}},"type":"if","locations":[{"start":{"line":22,"column":8},"end":{"line":28,"column":9}},{"start":{},"end":{}}],"line":22}},"s":{"0":1,"1":1,"2":0,"3":0,"4":0,"5":0,"6":0,"7":0,"8":1,"9":0,"10":0,"11":0,"12":0,"13":0,"14":0,"15":1},"f":{"0":0,"1":0},"b":{"0":[0,0]},"_coverageSchema":"1a1c01bbd47fc00a2c39e90264f33305004495a9","hash":"d14f6bd5a8b0774b8ca4c5096e5dd5220e769a79"}
,"/Users/macbook/Documents/ppl-backend/controllers/simulasiController.js": {"path":"/Users/macbook/Documents/ppl-backend/controllers/simulasiController.js","statementMap":{"0":{"start":{"line":1,"column":24},"end":{"line":1,"column":62}},"1":{"start":{"line":3,"column":23},"end":{"line":42,"column":1}},"2":{"start":{"line":4,"column":4},"end":{"line":41,"column":5}},"3":{"start":{"line":8,"column":12},"end":{"line":8,"column":20}},"4":{"start":{"line":9,"column":8},"end":{"line":9,"column":32}},"5":{"start":{"line":10,"column":8},"end":{"line":10,"column":33}},"6":{"start":{"line":11,"column":8},"end":{"line":11,"column":34}},"7":{"start":{"line":12,"column":29},"end":{"line":12,"column":43}},"8":{"start":{"line":13,"column":32},"end":{"line":13,"column":49}},"9":{"start":{"line":14,"column":26},"end":{"line":14,"column":42}},"10":{"start":{"line":15,"column":8},"end":{"line":19,"column":9}},"11":{"start":{"line":16,"column":30},"end":{"line":16,"column":42}},"12":{"start":{"line":17,"column":14},"end":{"line":19,"column":9}},"13":{"start":{"line":18,"column":30},"end":{"line":18,"column":44}},"14":{"start":{"line":20,"column":29},"end":{"line":27,"column":9}},"15":{"start":{"line":28,"column":8},"end":{"line":28,"column":57}},"16":{"start":{"line":29,"column":8},"end":{"line":29,"column":61}},"17":{"start":{"line":30,"column":8},"end":{"line":30,"column":64}},"18":{"start":{"line":31,"column":8},"end":{"line":31,"column":55}},"19":{"start":{"line":32,"column":8},"end":{"line":32,"column":50}},"20":{"start":{"line":33,"column":8},"end":{"line":33,"column":50}},"21":{"start":{"line":34,"column":8},"end":{"line":34,"column":106}},"22":{"start":{"line":36,"column":8},"end":{"line":36,"column":29}},"23":{"start":{"line":37,"column":8},"end":{"line":40,"column":11}},"24":{"start":{"line":44,"column":23},"end":{"line":46,"column":1}},"25":{"start":{"line":48,"column":24},"end":{"line":50,"column":1}},"26":{"start":{"line":52,"column":0},"end":{"line":56,"column":1}}},"fnMap":{"0":{"name":"(anonymous_0)","decl":{"start":{"line":3,"column":23},"end":{"line":3,"column":24}},"loc":{"start":{"line":3,"column":37},"end":{"line":42,"column":1}},"line":3},"1":{"name":"(anonymous_1)","decl":{"start":{"line":44,"column":23},"end":{"line":44,"column":24}},"loc":{"start":{"line":44,"column":29},"end":{"line":46,"column":1}},"line":44},"2":{"name":"(anonymous_2)","decl":{"start":{"line":48,"column":24},"end":{"line":48,"column":25}},"loc":{"start":{"line":48,"column":30},"end":{"line":50,"column":1}},"line":48}},"branchMap":{"0":{"loc":{"start":{"line":15,"column":8},"end":{"line":19,"column":9}},"type":"if","locations":[{"start":{"line":15,"column":8},"end":{"line":19,"column":9}},{"start":{"line":17,"column":14},"end":{"line":19,"column":9}}],"line":15},"1":{"loc":{"start":{"line":17,"column":14},"end":{"line":19,"column":9}},"type":"if","locations":[{"start":{"line":17,"column":14},"end":{"line":19,"column":9}},{"start":{},"end":{}}],"line":17}},"s":{"0":1,"1":1,"2":0,"3":0,"4":0,"5":0,"6":0,"7":0,"8":0,"9":0,"10":0,"11":0,"12":0,"13":0,"14":0,"15":0,"16":0,"17":0,"18":0,"19":0,"20":0,"21":0,"22":0,"23":0,"24":1,"25":1,"26":1},"f":{"0":0,"1":0,"2":0},"b":{"0":[0,0],"1":[0,0]},"_coverageSchema":"1a1c01bbd47fc00a2c39e90264f33305004495a9","hash":"41b9c0c5b5836722902cc373dd8f7eeb5f9a3fb3"}
,"/Users/macbook/Documents/ppl-backend/controllers/auth/loginController.js": {"path":"/Users/macbook/Documents/ppl-backend/controllers/auth/loginController.js","statementMap":{"0":{"start":{"line":1,"column":20},"end":{"line":1,"column":57}},"1":{"start":{"line":3,"column":14},"end":{"line":16,"column":1}},"2":{"start":{"line":4,"column":4},"end":{"line":15,"column":5}},"3":{"start":{"line":5,"column":39},"end":{"line":5,"column":47}},"4":{"start":{"line":6,"column":28},"end":{"line":6,"column":78}},"5":{"start":{"line":7,"column":8},"end":{"line":11,"column":9}},"6":{"start":{"line":8,"column":12},"end":{"line":8,"column":46}},"7":{"start":{"line":10,"column":12},"end":{"line":10,"column":46}},"8":{"start":{"line":13,"column":8},"end":{"line":13,"column":29}},"9":{"start":{"line":14,"column":8},"end":{"line":14,"column":83}},"10":{"start":{"line":18,"column":0},"end":{"line":20,"column":1}}},"fnMap":{"0":{"name":"(anonymous_0)","decl":{"start":{"line":3,"column":14},"end":{"line":3,"column":15}},"loc":{"start":{"line":3,"column":34},"end":{"line":16,"column":1}},"line":3}},"branchMap":{"0":{"loc":{"start":{"line":7,"column":8},"end":{"line":11,"column":9}},"type":"if","locations":[{"start":{"line":7,"column":8},"end":{"line":11,"column":9}},{"start":{"line":9,"column":15},"end":{"line":11,"column":9}}],"line":7}},"s":{"0":1,"1":1,"2":1,"3":1,"4":1,"5":1,"6":1,"7":0,"8":0,"9":0,"10":1},"f":{"0":1},"b":{"0":[1,0]},"_coverageSchema":"1a1c01bbd47fc00a2c39e90264f33305004495a9","hash":"4348ee378c188e477ff285639fe3473c9b0b89c4"}
,"/Users/macbook/Documents/ppl-backend/controllers/auth/logoutController.js": {"path":"/Users/macbook/Documents/ppl-backend/controllers/auth/logoutController.js","statementMap":{"0":{"start":{"line":1,"column":15},"end":{"line":3,"column":1}},"1":{"start":{"line":5,"column":0},"end":{"line":7,"column":1}}},"fnMap":{"0":{"name":"(anonymous_0)","decl":{"start":{"line":1,"column":15},"end":{"line":1,"column":16}},"loc":{"start":{"line":1,"column":21},"end":{"line":3,"column":1}},"line":1}},"branchMap":{},"s":{"0":1,"1":1},"f":{"0":0},"b":{},"_coverageSchema":"1a1c01bbd47fc00a2c39e90264f33305004495a9","hash":"99984edcdb48cdcf97ad26e231abb0378dc9b788"}
,"/Users/macbook/Documents/ppl-backend/controllers/auth/registController.js": {"path":"/Users/macbook/Documents/ppl-backend/controllers/auth/registController.js","statementMap":{"0":{"start":{"line":1,"column":20},"end":{"line":1,"column":57}},"1":{"start":{"line":3,"column":17},"end":{"line":27,"column":1}},"2":{"start":{"line":4,"column":4},"end":{"line":26,"column":5}},"3":{"start":{"line":5,"column":25},"end":{"line":12,"column":20}},"4":{"start":{"line":14,"column":24},"end":{"line":14,"column":67}},"5":{"start":{"line":16,"column":8},"end":{"line":20,"column":10}},"6":{"start":{"line":22,"column":8},"end":{"line":25,"column":10}},"7":{"start":{"line":29,"column":0},"end":{"line":31,"column":1}}},"fnMap":{"0":{"name":"(anonymous_0)","decl":{"start":{"line":3,"column":17},"end":{"line":3,"column":18}},"loc":{"start":{"line":3,"column":37},"end":{"line":27,"column":1}},"line":3}},"branchMap":{},"s":{"0":1,"1":1,"2":1,"3":1,"4":1,"5":1,"6":0,"7":1},"f":{"0":1},"b":{},"_coverageSchema":"1a1c01bbd47fc00a2c39e90264f33305004495a9","hash":"d0291a588ef3718866f87d75fb5c08de34ea7fa2"}
,"/Users/macbook/Documents/ppl-backend/middlewares/multer.js": {"path":"/Users/macbook/Documents/ppl-backend/middlewares/multer.js","statementMap":{"0":{"start":{"line":1,"column":15},"end":{"line":1,"column":32}},"1":{"start":{"line":3,"column":16},"end":{"line":10,"column":2}},"2":{"start":{"line":5,"column":8},"end":{"line":5,"column":29}},"3":{"start":{"line":8,"column":8},"end":{"line":8,"column":55}},"4":{"start":{"line":12,"column":19},"end":{"line":18,"column":1}},"5":{"start":{"line":13,"column":4},"end":{"line":17,"column":5}},"6":{"start":{"line":14,"column":8},"end":{"line":14,"column":23}},"7":{"start":{"line":16,"column":8},"end":{"line":16,"column":72}},"8":{"start":{"line":20,"column":15},"end":{"line":20,"column":67}},"9":{"start":{"line":22,"column":0},"end":{"line":22,"column":28}}},"fnMap":{"0":{"name":"(anonymous_0)","decl":{"start":{"line":4,"column":17},"end":{"line":4,"column":18}},"loc":{"start":{"line":4,"column":36},"end":{"line":6,"column":5}},"line":4},"1":{"name":"(anonymous_1)","decl":{"start":{"line":7,"column":14},"end":{"line":7,"column":15}},"loc":{"start":{"line":7,"column":33},"end":{"line":9,"column":5}},"line":7},"2":{"name":"(anonymous_2)","decl":{"start":{"line":12,"column":19},"end":{"line":12,"column":20}},"loc":{"start":{"line":12,"column":38},"end":{"line":18,"column":1}},"line":12}},"branchMap":{"0":{"loc":{"start":{"line":13,"column":4},"end":{"line":17,"column":5}},"type":"if","locations":[{"start":{"line":13,"column":4},"end":{"line":17,"column":5}},{"start":{"line":15,"column":11},"end":{"line":17,"column":5}}],"line":13},"1":{"loc":{"start":{"line":13,"column":8},"end":{"line":13,"column":71}},"type":"binary-expr","locations":[{"start":{"line":13,"column":8},"end":{"line":13,"column":38}},{"start":{"line":13,"column":42},"end":{"line":13,"column":71}}],"line":13}},"s":{"0":1,"1":1,"2":0,"3":0,"4":1,"5":0,"6":0,"7":0,"8":1,"9":1},"f":{"0":0,"1":0,"2":0},"b":{"0":[0,0],"1":[0,0]},"_coverageSchema":"1a1c01bbd47fc00a2c39e90264f33305004495a9","hash":"282b8a0fb786156f3aa6bbde935898bcfb5b8459"}
,"/Users/macbook/Documents/ppl-backend/middlewares/validateToken.js": {"path":"/Users/macbook/Documents/ppl-backend/middlewares/validateToken.js","statementMap":{"0":{"start":{"line":1,"column":0},"end":{"line":1,"column":27}},"1":{"start":{"line":2,"column":12},"end":{"line":2,"column":35}},"2":{"start":{"line":4,"column":20},"end":{"line":33,"column":1}},"3":{"start":{"line":5,"column":4},"end":{"line":32,"column":5}},"4":{"start":{"line":6,"column":22},"end":{"line":6,"column":63}},"5":{"start":{"line":8,"column":8},"end":{"line":13,"column":9}},"6":{"start":{"line":9,"column":12},"end":{"line":12,"column":15}},"7":{"start":{"line":15,"column":25},"end":{"line":15,"column":66}},"8":{"start":{"line":17,"column":8},"end":{"line":22,"column":9}},"9":{"start":{"line":18,"column":12},"end":{"line":21,"column":15}},"10":{"start":{"line":24,"column":8},"end":{"line":24,"column":28}},"11":{"start":{"line":25,"column":8},"end":{"line":25,"column":15}},"12":{"start":{"line":27,"column":8},"end":{"line":27,"column":29}},"13":{"start":{"line":28,"column":8},"end":{"line":31,"column":11}},"14":{"start":{"line":35,"column":0},"end":{"line":37,"column":1}}},"fnMap":{"0":{"name":"(anonymous_0)","decl":{"start":{"line":4,"column":20},"end":{"line":4,"column":21}},"loc":{"start":{"line":4,"column":40},"end":{"line":33,"column":1}},"line":4}},"branchMap":{"0":{"loc":{"start":{"line":8,"column":8},"end":{"line":13,"column":9}},"type":"if","locations":[{"start":{"line":8,"column":8},"end":{"line":13,"column":9}},{"start":{},"end":{}}],"line":8},"1":{"loc":{"start":{"line":17,"column":8},"end":{"line":22,"column":9}},"type":"if","locations":[{"start":{"line":17,"column":8},"end":{"line":22,"column":9}},{"start":{},"end":{}}],"line":17}},"s":{"0":1,"1":1,"2":1,"3":0,"4":0,"5":0,"6":0,"7":0,"8":0,"9":0,"10":0,"11":0,"12":0,"13":0,"14":1},"f":{"0":0},"b":{"0":[0,0],"1":[0,0]},"_coverageSchema":"1a1c01bbd47fc00a2c39e90264f33305004495a9","hash":"89d915e58b1b25942737b1f3ed4f6cd13ef57faa"}
,"/Users/macbook/Documents/ppl-backend/middlewares/validator.js": {"path":"/Users/macbook/Documents/ppl-backend/middlewares/validator.js","statementMap":{"0":{"start":{"line":1,"column":12},"end":{"line":1,"column":26}},"1":{"start":{"line":2,"column":19},"end":{"line":2,"column":41}},"2":{"start":{"line":4,"column":13},"end":{"line":12,"column":1}},"3":{"start":{"line":5,"column":2},"end":{"line":11,"column":9}},"4":{"start":{"line":6,"column":4},"end":{"line":9,"column":5}},"5":{"start":{"line":8,"column":6},"end":{"line":8,"column":29}},"6":{"start":{"line":10,"column":4},"end":{"line":10,"column":15}},"7":{"start":{"line":16,"column":4},"end":{"line":16,"column":19}},"8":{"start":{"line":17,"column":4},"end":{"line":17,"column":33}},"9":{"start":{"line":18,"column":4},"end":{"line":18,"column":39}},"10":{"start":{"line":19,"column":4},"end":{"line":23,"column":5}},"11":{"start":{"line":20,"column":6},"end":{"line":20,"column":25}},"12":{"start":{"line":22,"column":6},"end":{"line":22,"column":54}},"13":{"start":{"line":27,"column":17},"end":{"line":40,"column":1}},"14":{"start":{"line":27,"column":29},"end":{"line":40,"column":1}},"15":{"start":{"line":28,"column":22},"end":{"line":28,"column":63}},"16":{"start":{"line":29,"column":17},"end":{"line":29,"column":52}},"17":{"start":{"line":30,"column":27},"end":{"line":32,"column":21}},"18":{"start":{"line":34,"column":2},"end":{"line":37,"column":3}},"19":{"start":{"line":35,"column":25},"end":{"line":35,"column":83}},"20":{"start":{"line":35,"column":56},"end":{"line":35,"column":71}},"21":{"start":{"line":36,"column":4},"end":{"line":36,"column":68}},"22":{"start":{"line":38,"column":2},"end":{"line":38,"column":28}},"23":{"start":{"line":39,"column":2},"end":{"line":39,"column":16}},"24":{"start":{"line":41,"column":0},"end":{"line":41,"column":30}}},"fnMap":{"0":{"name":"(anonymous_0)","decl":{"start":{"line":4,"column":13},"end":{"line":4,"column":14}},"loc":{"start":{"line":4,"column":31},"end":{"line":12,"column":1}},"line":4},"1":{"name":"(anonymous_1)","decl":{"start":{"line":5,"column":21},"end":{"line":5,"column":22}},"loc":{"start":{"line":5,"column":35},"end":{"line":11,"column":3}},"line":5},"2":{"name":"(anonymous_2)","decl":{"start":{"line":15,"column":2},"end":{"line":15,"column":3}},"loc":{"start":{"line":15,"column":69},"end":{"line":24,"column":3}},"line":15},"3":{"name":"(anonymous_3)","decl":{"start":{"line":27,"column":17},"end":{"line":27,"column":18}},"loc":{"start":{"line":27,"column":29},"end":{"line":40,"column":1}},"line":27},"4":{"name":"(anonymous_4)","decl":{"start":{"line":27,"column":29},"end":{"line":27,"column":30}},"loc":{"start":{"line":27,"column":49},"end":{"line":40,"column":1}},"line":27},"5":{"name":"(anonymous_5)","decl":{"start":{"line":35,"column":43},"end":{"line":35,"column":44}},"loc":{"start":{"line":35,"column":56},"end":{"line":35,"column":71}},"line":35}},"branchMap":{"0":{"loc":{"start":{"line":6,"column":4},"end":{"line":9,"column":5}},"type":"if","locations":[{"start":{"line":6,"column":4},"end":{"line":9,"column":5}},{"start":{},"end":{}}],"line":6},"1":{"loc":{"start":{"line":6,"column":8},"end":{"line":6,"column":67}},"type":"binary-expr","locations":[{"start":{"line":6,"column":8},"end":{"line":6,"column":14}},{"start":{"line":6,"column":18},"end":{"line":6,"column":67}}],"line":6},"2":{"loc":{"start":{"line":15,"column":35},"end":{"line":15,"column":55}},"type":"default-arg","locations":[{"start":{"line":15,"column":51},"end":{"line":15,"column":55}}],"line":15},"3":{"loc":{"start":{"line":15,"column":57},"end":{"line":15,"column":67}},"type":"default-arg","locations":[{"start":{"line":15,"column":65},"end":{"line":15,"column":67}}],"line":15},"4":{"loc":{"start":{"line":19,"column":4},"end":{"line":23,"column":5}},"type":"if","locations":[{"start":{"line":19,"column":4},"end":{"line":23,"column":5}},{"start":{"line":21,"column":11},"end":{"line":23,"column":5}}],"line":19},"5":{"loc":{"start":{"line":34,"column":2},"end":{"line":37,"column":3}},"type":"if","locations":[{"start":{"line":34,"column":2},"end":{"line":37,"column":3}},{"start":{},"end":{}}],"line":34}},"s":{"0":1,"1":1,"2":1,"3":4,"4":8,"5":4,"6":8,"7":0,"8":0,"9":0,"10":0,"11":0,"12":0,"13":1,"14":4,"15":2,"16":2,"17":2,"18":2,"19":0,"20":0,"21":0,"22":2,"23":2,"24":1},"f":{"0":4,"1":8,"2":0,"3":4,"4":2,"5":0},"b":{"0":[4,4],"1":[8,8],"2":[0],"3":[0],"4":[0,0],"5":[0,2]},"_coverageSchema":"1a1c01bbd47fc00a2c39e90264f33305004495a9","hash":"0683bdfcf02928cd8bb5cc365b4b517e933c02a1"}
,"/Users/macbook/Documents/ppl-backend/models/hasilsimulasi.js": {"path":"/Users/macbook/Documents/ppl-backend/models/hasilsimulasi.js","statementMap":{"0":{"start":{"line":4,"column":4},"end":{"line":4,"column":24}},"1":{"start":{"line":5,"column":0},"end":{"line":80,"column":2}},"2":{"start":{"line":13,"column":6},"end":{"line":16,"column":9}},"3":{"start":{"line":17,"column":6},"end":{"line":20,"column":9}},"4":{"start":{"line":21,"column":6},"end":{"line":24,"column":9}},"5":{"start":{"line":27,"column":2},"end":{"line":78,"column":5}},"6":{"start":{"line":79,"column":2},"end":{"line":79,"column":23}}},"fnMap":{"0":{"name":"(anonymous_0)","decl":{"start":{"line":5,"column":17},"end":{"line":5,"column":18}},"loc":{"start":{"line":5,"column":43},"end":{"line":80,"column":1}},"line":5},"1":{"name":"(anonymous_1)","decl":{"start":{"line":12,"column":4},"end":{"line":12,"column":5}},"loc":{"start":{"line":12,"column":29},"end":{"line":25,"column":5}},"line":12}},"branchMap":{},"s":{"0":1,"1":1,"2":1,"3":1,"4":1,"5":1,"6":1},"f":{"0":1,"1":1},"b":{},"_coverageSchema":"1a1c01bbd47fc00a2c39e90264f33305004495a9","hash":"c35285230e614fb6977587ea6ad572c9aa589f25"}
,"/Users/macbook/Documents/ppl-backend/models/index.js": {"path":"/Users/macbook/Documents/ppl-backend/models/index.js","statementMap":{"0":{"start":{"line":3,"column":11},"end":{"line":3,"column":24}},"1":{"start":{"line":4,"column":13},"end":{"line":4,"column":28}},"2":{"start":{"line":5,"column":18},"end":{"line":5,"column":38}},"3":{"start":{"line":6,"column":16},"end":{"line":6,"column":34}},"4":{"start":{"line":7,"column":17},"end":{"line":7,"column":42}},"5":{"start":{"line":8,"column":12},"end":{"line":8,"column":49}},"6":{"start":{"line":9,"column":15},"end":{"line":9,"column":63}},"7":{"start":{"line":10,"column":11},"end":{"line":10,"column":13}},"8":{"start":{"line":13,"column":0},"end":{"line":17,"column":1}},"9":{"start":{"line":14,"column":2},"end":{"line":14,"column":74}},"10":{"start":{"line":16,"column":2},"end":{"line":16,"column":87}},"11":{"start":{"line":19,"column":0},"end":{"line":32,"column":5}},"12":{"start":{"line":22,"column":4},"end":{"line":27,"column":6}},"13":{"start":{"line":30,"column":18},"end":{"line":30,"column":85}},"14":{"start":{"line":31,"column":4},"end":{"line":31,"column":27}},"15":{"start":{"line":34,"column":0},"end":{"line":38,"column":3}},"16":{"start":{"line":35,"column":2},"end":{"line":37,"column":3}},"17":{"start":{"line":36,"column":4},"end":{"line":36,"column":32}},"18":{"start":{"line":40,"column":0},"end":{"line":40,"column":25}},"19":{"start":{"line":41,"column":0},"end":{"line":41,"column":25}},"20":{"start":{"line":43,"column":0},"end":{"line":43,"column":20}}},"fnMap":{"0":{"name":"(anonymous_0)","decl":{"start":{"line":21,"column":10},"end":{"line":21,"column":11}},"loc":{"start":{"line":21,"column":18},"end":{"line":28,"column":3}},"line":21},"1":{"name":"(anonymous_1)","decl":{"start":{"line":29,"column":11},"end":{"line":29,"column":12}},"loc":{"start":{"line":29,"column":19},"end":{"line":32,"column":3}},"line":29},"2":{"name":"(anonymous_2)","decl":{"start":{"line":34,"column":24},"end":{"line":34,"column":25}},"loc":{"start":{"line":34,"column":37},"end":{"line":38,"column":1}},"line":34}},"branchMap":{"0":{"loc":{"start":{"line":8,"column":12},"end":{"line":8,"column":49}},"type":"binary-expr","locations":[{"start":{"line":8,"column":12},"end":{"line":8,"column":32}},{"start":{"line":8,"column":36},"end":{"line":8,"column":49}}],"line":8},"1":{"loc":{"start":{"line":13,"column":0},"end":{"line":17,"column":1}},"type":"if","locations":[{"start":{"line":13,"column":0},"end":{"line":17,"column":1}},{"start":{"line":15,"column":7},"end":{"line":17,"column":1}}],"line":13},"2":{"loc":{"start":{"line":23,"column":6},"end":{"line":26,"column":37}},"type":"binary-expr","locations":[{"start":{"line":23,"column":6},"end":{"line":23,"column":29}},{"start":{"line":24,"column":6},"end":{"line":24,"column":23}},{"start":{"line":25,"column":6},"end":{"line":25,"column":30}},{"start":{"line":26,"column":6},"end":{"line":26,"column":37}}],"line":23},"3":{"loc":{"start":{"line":35,"column":2},"end":{"line":37,"column":3}},"type":"if","locations":[{"start":{"line":35,"column":2},"end":{"line":37,"column":3}},{"start":{},"end":{}}],"line":35}},"s":{"0":1,"1":1,"2":1,"3":1,"4":1,"5":1,"6":1,"7":1,"8":1,"9":0,"10":1,"11":1,"12":8,"13":7,"14":7,"15":1,"16":7,"17":7,"18":1,"19":1,"20":1},"f":{"0":8,"1":7,"2":7},"b":{"0":[1,0],"1":[0,1],"2":[8,8,7,7],"3":[7,0]},"_coverageSchema":"1a1c01bbd47fc00a2c39e90264f33305004495a9","hash":"9f5775f1f581eddf1c4cdf83dfe499170fc08a7b"}
,"/Users/macbook/Documents/ppl-backend/models/jadwalpemupukan.js": {"path":"/Users/macbook/Documents/ppl-backend/models/jadwalpemupukan.js","statementMap":{"0":{"start":{"line":4,"column":4},"end":{"line":4,"column":24}},"1":{"start":{"line":5,"column":0},"end":{"line":52,"column":2}},"2":{"start":{"line":13,"column":6},"end":{"line":16,"column":9}},"3":{"start":{"line":17,"column":6},"end":{"line":20,"column":9}},"4":{"start":{"line":23,"column":2},"end":{"line":50,"column":5}},"5":{"start":{"line":51,"column":2},"end":{"line":51,"column":25}}},"fnMap":{"0":{"name":"(anonymous_0)","decl":{"start":{"line":5,"column":17},"end":{"line":5,"column":18}},"loc":{"start":{"line":5,"column":43},"end":{"line":52,"column":1}},"line":5},"1":{"name":"(anonymous_1)","decl":{"start":{"line":12,"column":4},"end":{"line":12,"column":5}},"loc":{"start":{"line":12,"column":29},"end":{"line":21,"column":5}},"line":12}},"branchMap":{},"s":{"0":1,"1":1,"2":1,"3":1,"4":1,"5":1},"f":{"0":1,"1":1},"b":{},"_coverageSchema":"1a1c01bbd47fc00a2c39e90264f33305004495a9","hash":"1c80f3fa38a9cfb6eb33e3b6ca8cec260d4660e8"}
,"/Users/macbook/Documents/ppl-backend/models/jenisbibit.js": {"path":"/Users/macbook/Documents/ppl-backend/models/jenisbibit.js","statementMap":{"0":{"start":{"line":4,"column":4},"end":{"line":4,"column":24}},"1":{"start":{"line":5,"column":0},"end":{"line":36,"column":2}},"2":{"start":{"line":13,"column":6},"end":{"line":16,"column":9}},"3":{"start":{"line":19,"column":2},"end":{"line":34,"column":5}},"4":{"start":{"line":35,"column":2},"end":{"line":35,"column":20}}},"fnMap":{"0":{"name":"(anonymous_0)","decl":{"start":{"line":5,"column":17},"end":{"line":5,"column":18}},"loc":{"start":{"line":5,"column":43},"end":{"line":36,"column":1}},"line":5},"1":{"name":"(anonymous_1)","decl":{"start":{"line":12,"column":4},"end":{"line":12,"column":5}},"loc":{"start":{"line":12,"column":29},"end":{"line":17,"column":5}},"line":12}},"branchMap":{},"s":{"0":1,"1":1,"2":1,"3":1,"4":1},"f":{"0":1,"1":1},"b":{},"_coverageSchema":"1a1c01bbd47fc00a2c39e90264f33305004495a9","hash":"221f3ce90fcff426498c4c0d3473fd0150cf90c4"}
,"/Users/macbook/Documents/ppl-backend/models/jenispupuk.js": {"path":"/Users/macbook/Documents/ppl-backend/models/jenispupuk.js","statementMap":{"0":{"start":{"line":4,"column":4},"end":{"line":4,"column":24}},"1":{"start":{"line":5,"column":0},"end":{"line":35,"column":2}},"2":{"start":{"line":13,"column":6},"end":{"line":16,"column":9}},"3":{"start":{"line":19,"column":2},"end":{"line":33,"column":5}},"4":{"start":{"line":34,"column":2},"end":{"line":34,"column":20}}},"fnMap":{"0":{"name":"(anonymous_0)","decl":{"start":{"line":5,"column":17},"end":{"line":5,"column":18}},"loc":{"start":{"line":5,"column":43},"end":{"line":35,"column":1}},"line":5},"1":{"name":"(anonymous_1)","decl":{"start":{"line":12,"column":4},"end":{"line":12,"column":5}},"loc":{"start":{"line":12,"column":29},"end":{"line":17,"column":5}},"line":12}},"branchMap":{},"s":{"0":1,"1":1,"2":1,"3":1,"4":1},"f":{"0":1,"1":1},"b":{},"_coverageSchema":"1a1c01bbd47fc00a2c39e90264f33305004495a9","hash":"4628ab618fd80b1f54be6237117cd41a750c61b7"}
,"/Users/macbook/Documents/ppl-backend/models/riwayatpemupukan.js": {"path":"/Users/macbook/Documents/ppl-backend/models/riwayatpemupukan.js","statementMap":{"0":{"start":{"line":4,"column":4},"end":{"line":4,"column":24}},"1":{"start":{"line":5,"column":0},"end":{"line":44,"column":2}},"2":{"start":{"line":13,"column":6},"end":{"line":16,"column":9}},"3":{"start":{"line":19,"column":2},"end":{"line":42,"column":5}},"4":{"start":{"line":43,"column":2},"end":{"line":43,"column":26}}},"fnMap":{"0":{"name":"(anonymous_0)","decl":{"start":{"line":5,"column":17},"end":{"line":5,"column":18}},"loc":{"start":{"line":5,"column":43},"end":{"line":44,"column":1}},"line":5},"1":{"name":"(anonymous_1)","decl":{"start":{"line":12,"column":4},"end":{"line":12,"column":5}},"loc":{"start":{"line":12,"column":29},"end":{"line":17,"column":5}},"line":12}},"branchMap":{},"s":{"0":1,"1":1,"2":1,"3":1,"4":1},"f":{"0":1,"1":1},"b":{},"_coverageSchema":"1a1c01bbd47fc00a2c39e90264f33305004495a9","hash":"2e7d31e01475daf5ddf5ca6bf5d42a203b17a46e"}
,"/Users/macbook/Documents/ppl-backend/models/sensor.js": {"path":"/Users/macbook/Documents/ppl-backend/models/sensor.js","statementMap":{"0":{"start":{"line":4,"column":4},"end":{"line":4,"column":24}},"1":{"start":{"line":5,"column":0},"end":{"line":44,"column":2}},"2":{"start":{"line":13,"column":6},"end":{"line":16,"column":9}},"3":{"start":{"line":19,"column":2},"end":{"line":42,"column":5}},"4":{"start":{"line":43,"column":2},"end":{"line":43,"column":16}}},"fnMap":{"0":{"name":"(anonymous_0)","decl":{"start":{"line":5,"column":17},"end":{"line":5,"column":18}},"loc":{"start":{"line":5,"column":43},"end":{"line":44,"column":1}},"line":5},"1":{"name":"(anonymous_1)","decl":{"start":{"line":12,"column":4},"end":{"line":12,"column":5}},"loc":{"start":{"line":12,"column":29},"end":{"line":17,"column":5}},"line":12}},"branchMap":{},"s":{"0":1,"1":1,"2":1,"3":1,"4":1},"f":{"0":1,"1":1},"b":{},"_coverageSchema":"1a1c01bbd47fc00a2c39e90264f33305004495a9","hash":"a6ef15f50d9a55e580e2ca3df42c2ce84ce1c20f"}
,"/Users/macbook/Documents/ppl-backend/models/user.js": {"path":"/Users/macbook/Documents/ppl-backend/models/user.js","statementMap":{"0":{"start":{"line":4,"column":4},"end":{"line":4,"column":24}},"1":{"start":{"line":5,"column":0},"end":{"line":68,"column":2}},"2":{"start":{"line":13,"column":6},"end":{"line":16,"column":9}},"3":{"start":{"line":17,"column":6},"end":{"line":20,"column":9}},"4":{"start":{"line":21,"column":6},"end":{"line":24,"column":9}},"5":{"start":{"line":27,"column":2},"end":{"line":66,"column":5}},"6":{"start":{"line":67,"column":2},"end":{"line":67,"column":14}}},"fnMap":{"0":{"name":"(anonymous_0)","decl":{"start":{"line":5,"column":17},"end":{"line":5,"column":18}},"loc":{"start":{"line":5,"column":43},"end":{"line":68,"column":1}},"line":5},"1":{"name":"(anonymous_1)","decl":{"start":{"line":12,"column":4},"end":{"line":12,"column":5}},"loc":{"start":{"line":12,"column":29},"end":{"line":25,"column":5}},"line":12}},"branchMap":{},"s":{"0":1,"1":1,"2":1,"3":1,"4":1,"5":1,"6":1},"f":{"0":1,"1":1},"b":{},"_coverageSchema":"1a1c01bbd47fc00a2c39e90264f33305004495a9","hash":"19acdf4d1e67ed9cd50a002229d0ac61566d552e"}
,"/Users/macbook/Documents/ppl-backend/routes/authRoute.js": {"path":"/Users/macbook/Documents/ppl-backend/routes/authRoute.js","statementMap":{"0":{"start":{"line":1,"column":16},"end":{"line":1,"column":34}},"1":{"start":{"line":2,"column":15},"end":{"line":2,"column":31}},"2":{"start":{"line":3,"column":21},"end":{"line":3,"column":56}},"3":{"start":{"line":4,"column":23},"end":{"line":4,"column":63}},"4":{"start":{"line":5,"column":25},"end":{"line":5,"column":72}},"5":{"start":{"line":6,"column":24},"end":{"line":6,"column":70}},"6":{"start":{"line":7,"column":25},"end":{"line":7,"column":72}},"7":{"start":{"line":9,"column":0},"end":{"line":9,"column":89}},"8":{"start":{"line":10,"column":0},"end":{"line":10,"column":81}},"9":{"start":{"line":11,"column":0},"end":{"line":11,"column":48}},"10":{"start":{"line":13,"column":0},"end":{"line":13,"column":24}}},"fnMap":{},"branchMap":{},"s":{"0":1,"1":1,"2":1,"3":1,"4":1,"5":1,"6":1,"7":1,"8":1,"9":1,"10":1},"f":{},"b":{},"_coverageSchema":"1a1c01bbd47fc00a2c39e90264f33305004495a9","hash":"2410c00cea5ae24c4c5713705c70f4f8ee09936b"}
,"/Users/macbook/Documents/ppl-backend/routes/pemupukanRoute.js": {"path":"/Users/macbook/Documents/ppl-backend/routes/pemupukanRoute.js","statementMap":{"0":{"start":{"line":1,"column":16},"end":{"line":1,"column":34}},"1":{"start":{"line":2,"column":15},"end":{"line":2,"column":31}},"2":{"start":{"line":3,"column":28},"end":{"line":3,"column":73}},"3":{"start":{"line":4,"column":24},"end":{"line":4,"column":63}},"4":{"start":{"line":6,"column":0},"end":{"line":6,"column":76}},"5":{"start":{"line":7,"column":0},"end":{"line":7,"column":73}},"6":{"start":{"line":8,"column":0},"end":{"line":8,"column":77}},"7":{"start":{"line":9,"column":0},"end":{"line":9,"column":90}},"8":{"start":{"line":10,"column":0},"end":{"line":10,"column":93}},"9":{"start":{"line":11,"column":0},"end":{"line":11,"column":33}},"10":{"start":{"line":13,"column":0},"end":{"line":13,"column":24}}},"fnMap":{},"branchMap":{},"s":{"0":1,"1":1,"2":1,"3":1,"4":1,"5":1,"6":1,"7":1,"8":1,"9":1,"10":1},"f":{},"b":{},"_coverageSchema":"1a1c01bbd47fc00a2c39e90264f33305004495a9","hash":"b35fcf00e91fe181bcee52ff95916980d1c1a882"}
,"/Users/macbook/Documents/ppl-backend/routes/profileRoute.js": {"path":"/Users/macbook/Documents/ppl-backend/routes/profileRoute.js","statementMap":{"0":{"start":{"line":1,"column":16},"end":{"line":1,"column":34}},"1":{"start":{"line":2,"column":15},"end":{"line":2,"column":31}},"2":{"start":{"line":3,"column":21},"end":{"line":3,"column":56}},"3":{"start":{"line":4,"column":23},"end":{"line":4,"column":63}},"4":{"start":{"line":5,"column":24},"end":{"line":5,"column":63}},"5":{"start":{"line":6,"column":26},"end":{"line":6,"column":69}},"6":{"start":{"line":7,"column":19},"end":{"line":7,"column":51}},"7":{"start":{"line":9,"column":0},"end":{"line":9,"column":67}},"8":{"start":{"line":10,"column":0},"end":{"line":10,"column":110}},"9":{"start":{"line":11,"column":0},"end":{"line":11,"column":102}},"10":{"start":{"line":13,"column":0},"end":{"line":13,"column":24}}},"fnMap":{},"branchMap":{},"s":{"0":1,"1":1,"2":1,"3":1,"4":1,"5":1,"6":1,"7":1,"8":1,"9":1,"10":1},"f":{},"b":{},"_coverageSchema":"1a1c01bbd47fc00a2c39e90264f33305004495a9","hash":"5fd4c42848d9f9eaff61392e97bbf6bd210c2e62"}
,"/Users/macbook/Documents/ppl-backend/routes/sensorRoute.js": {"path":"/Users/macbook/Documents/ppl-backend/routes/sensorRoute.js","statementMap":{"0":{"start":{"line":1,"column":16},"end":{"line":1,"column":34}},"1":{"start":{"line":2,"column":15},"end":{"line":2,"column":31}},"2":{"start":{"line":3,"column":25},"end":{"line":3,"column":67}},"3":{"start":{"line":4,"column":25},"end":{"line":4,"column":67}},"4":{"start":{"line":5,"column":21},"end":{"line":5,"column":56}},"5":{"start":{"line":7,"column":0},"end":{"line":7,"column":100}},"6":{"start":{"line":8,"column":0},"end":{"line":8,"column":56}},"7":{"start":{"line":10,"column":0},"end":{"line":10,"column":24}}},"fnMap":{},"branchMap":{},"s":{"0":1,"1":1,"2":1,"3":1,"4":1,"5":1,"6":1,"7":1},"f":{},"b":{},"_coverageSchema":"1a1c01bbd47fc00a2c39e90264f33305004495a9","hash":"c33e378ed691ebff388dd61ffd4e54eaa259f837"}
,"/Users/macbook/Documents/ppl-backend/routes/simulasiRoute.js": {"path":"/Users/macbook/Documents/ppl-backend/routes/simulasiRoute.js","statementMap":{"0":{"start":{"line":1,"column":16},"end":{"line":1,"column":34}},"1":{"start":{"line":2,"column":15},"end":{"line":2,"column":31}},"2":{"start":{"line":3,"column":27},"end":{"line":3,"column":71}},"3":{"start":{"line":5,"column":0},"end":{"line":5,"column":59}},"4":{"start":{"line":6,"column":0},"end":{"line":6,"column":72}},"5":{"start":{"line":7,"column":0},"end":{"line":7,"column":60}},"6":{"start":{"line":9,"column":0},"end":{"line":9,"column":24}}},"fnMap":{},"branchMap":{},"s":{"0":1,"1":1,"2":1,"3":1,"4":1,"5":1,"6":1},"f":{},"b":{},"_coverageSchema":"1a1c01bbd47fc00a2c39e90264f33305004495a9","hash":"69d3431be9e47739dac0b09a03d3435f46aed4cb"}
,"/Users/macbook/Documents/ppl-backend/services/authService.js": {"path":"/Users/macbook/Documents/ppl-backend/services/authService.js","statementMap":{"0":{"start":{"line":1,"column":13},"end":{"line":1,"column":38}},"1":{"start":{"line":2,"column":15},"end":{"line":2,"column":32}},"2":{"start":{"line":3,"column":19},"end":{"line":3,"column":48}},"3":{"start":{"line":5,"column":24},"end":{"line":18,"column":1}},"4":{"start":{"line":6,"column":4},"end":{"line":17,"column":5}},"5":{"start":{"line":7,"column":32},"end":{"line":7,"column":90}},"6":{"start":{"line":8,"column":8},"end":{"line":10,"column":9}},"7":{"start":{"line":9,"column":12},"end":{"line":9,"column":75}},"8":{"start":{"line":11,"column":31},"end":{"line":11,"column":71}},"9":{"start":{"line":12,"column":24},"end":{"line":12,"column":84}},"10":{"start":{"line":13,"column":8},"end":{"line":13,"column":23}},"11":{"start":{"line":15,"column":8},"end":{"line":15,"column":29}},"12":{"start":{"line":16,"column":8},"end":{"line":16,"column":68}},"13":{"start":{"line":20,"column":21},"end":{"line":45,"column":1}},"14":{"start":{"line":21,"column":4},"end":{"line":44,"column":5}},"15":{"start":{"line":22,"column":21},"end":{"line":22,"column":64}},"16":{"start":{"line":24,"column":8},"end":{"line":26,"column":9}},"17":{"start":{"line":25,"column":12},"end":{"line":25,"column":71}},"18":{"start":{"line":28,"column":32},"end":{"line":28,"column":77}},"19":{"start":{"line":30,"column":8},"end":{"line":40,"column":9}},"20":{"start":{"line":31,"column":29},"end":{"line":31,"column":65}},"21":{"start":{"line":32,"column":12},"end":{"line":37,"column":14}},"22":{"start":{"line":39,"column":12},"end":{"line":39,"column":65}},"23":{"start":{"line":42,"column":8},"end":{"line":42,"column":29}},"24":{"start":{"line":43,"column":8},"end":{"line":43,"column":68}},"25":{"start":{"line":47,"column":22},"end":{"line":49,"column":1}},"26":{"start":{"line":51,"column":0},"end":{"line":55,"column":1}}},"fnMap":{"0":{"name":"(anonymous_0)","decl":{"start":{"line":5,"column":24},"end":{"line":5,"column":25}},"loc":{"start":{"line":5,"column":44},"end":{"line":18,"column":1}},"line":5},"1":{"name":"(anonymous_1)","decl":{"start":{"line":20,"column":21},"end":{"line":20,"column":22}},"loc":{"start":{"line":20,"column":51},"end":{"line":45,"column":1}},"line":20},"2":{"name":"(anonymous_2)","decl":{"start":{"line":47,"column":22},"end":{"line":47,"column":23}},"loc":{"start":{"line":47,"column":34},"end":{"line":49,"column":1}},"line":47}},"branchMap":{"0":{"loc":{"start":{"line":8,"column":8},"end":{"line":10,"column":9}},"type":"if","locations":[{"start":{"line":8,"column":8},"end":{"line":10,"column":9}},{"start":{},"end":{}}],"line":8},"1":{"loc":{"start":{"line":24,"column":8},"end":{"line":26,"column":9}},"type":"if","locations":[{"start":{"line":24,"column":8},"end":{"line":26,"column":9}},{"start":{},"end":{}}],"line":24},"2":{"loc":{"start":{"line":30,"column":8},"end":{"line":40,"column":9}},"type":"if","locations":[{"start":{"line":30,"column":8},"end":{"line":40,"column":9}},{"start":{"line":38,"column":15},"end":{"line":40,"column":9}}],"line":30}},"s":{"0":1,"1":1,"2":1,"3":1,"4":1,"5":1,"6":1,"7":0,"8":1,"9":1,"10":1,"11":0,"12":0,"13":1,"14":1,"15":1,"16":1,"17":0,"18":1,"19":1,"20":1,"21":1,"22":0,"23":0,"24":0,"25":1,"26":1},"f":{"0":1,"1":1,"2":0},"b":{"0":[0,1],"1":[0,1],"2":[1,0]},"_coverageSchema":"1a1c01bbd47fc00a2c39e90264f33305004495a9","hash":"9d98787a39d3ad68402b6b78ca4d7f181a10d390"}
,"/Users/macbook/Documents/ppl-backend/services/pemupukanService.js": {"path":"/Users/macbook/Documents/ppl-backend/services/pemupukanService.js","statementMap":{"0":{"start":{"line":1,"column":24},"end":{"line":1,"column":60}},"1":{"start":{"line":2,"column":17},"end":{"line":2,"column":41}},"2":{"start":{"line":4,"column":23},"end":{"line":11,"column":1}},"3":{"start":{"line":5,"column":4},"end":{"line":10,"column":5}},"4":{"start":{"line":6,"column":26},"end":{"line":6,"column":66}},"5":{"start":{"line":7,"column":8},"end":{"line":7,"column":25}},"6":{"start":{"line":9,"column":8},"end":{"line":9,"column":65}},"7":{"start":{"line":13,"column":21},"end":{"line":50,"column":1}},"8":{"start":{"line":14,"column":4},"end":{"line":49,"column":5}},"9":{"start":{"line":15,"column":21},"end":{"line":15,"column":50}},"10":{"start":{"line":17,"column":39},"end":{"line":17,"column":71}},"11":{"start":{"line":19,"column":8},"end":{"line":19,"column":25}},"12":{"start":{"line":20,"column":8},"end":{"line":20,"column":29}},"13":{"start":{"line":21,"column":8},"end":{"line":21,"column":34}},"14":{"start":{"line":23,"column":8},"end":{"line":23,"column":30}},"15":{"start":{"line":24,"column":8},"end":{"line":24,"column":35}},"16":{"start":{"line":26,"column":20},"end":{"line":26,"column":30}},"17":{"start":{"line":27,"column":28},"end":{"line":27,"column":42}},"18":{"start":{"line":28,"column":30},"end":{"line":28,"column":46}},"19":{"start":{"line":30,"column":8},"end":{"line":32,"column":9}},"20":{"start":{"line":31,"column":12},"end":{"line":31,"column":43}},"21":{"start":{"line":34,"column":30},"end":{"line":41,"column":9}},"22":{"start":{"line":43,"column":8},"end":{"line":45,"column":11}},"23":{"start":{"line":44,"column":12},"end":{"line":44,"column":77}},"24":{"start":{"line":47,"column":8},"end":{"line":47,"column":57}},"25":{"start":{"line":48,"column":8},"end":{"line":48,"column":53}},"26":{"start":{"line":53,"column":23},"end":{"line":64,"column":1}},"27":{"start":{"line":54,"column":4},"end":{"line":63,"column":5}},"28":{"start":{"line":55,"column":27},"end":{"line":58,"column":10}},"29":{"start":{"line":59,"column":8},"end":{"line":59,"column":26}},"30":{"start":{"line":61,"column":8},"end":{"line":61,"column":57}},"31":{"start":{"line":62,"column":8},"end":{"line":62,"column":53}},"32":{"start":{"line":66,"column":26},"end":{"line":77,"column":1}},"33":{"start":{"line":67,"column":4},"end":{"line":76,"column":5}},"34":{"start":{"line":68,"column":30},"end":{"line":71,"column":10}},"35":{"start":{"line":72,"column":8},"end":{"line":72,"column":29}},"36":{"start":{"line":74,"column":8},"end":{"line":74,"column":57}},"37":{"start":{"line":75,"column":8},"end":{"line":75,"column":53}},"38":{"start":{"line":79,"column":23},"end":{"line":89,"column":1}},"39":{"start":{"line":80,"column":4},"end":{"line":88,"column":5}},"40":{"start":{"line":81,"column":30},"end":{"line":84,"column":9}},"41":{"start":{"line":85,"column":8},"end":{"line":85,"column":29}},"42":{"start":{"line":87,"column":8},"end":{"line":87,"column":65}},"43":{"start":{"line":91,"column":0},"end":{"line":97,"column":1}}},"fnMap":{"0":{"name":"(anonymous_0)","decl":{"start":{"line":4,"column":23},"end":{"line":4,"column":24}},"loc":{"start":{"line":4,"column":45},"end":{"line":11,"column":1}},"line":4},"1":{"name":"(anonymous_1)","decl":{"start":{"line":13,"column":21},"end":{"line":13,"column":22}},"loc":{"start":{"line":13,"column":57},"end":{"line":50,"column":1}},"line":13},"2":{"name":"(anonymous_2)","decl":{"start":{"line":43,"column":44},"end":{"line":43,"column":45}},"loc":{"start":{"line":43,"column":50},"end":{"line":45,"column":9}},"line":43},"3":{"name":"(anonymous_3)","decl":{"start":{"line":53,"column":23},"end":{"line":53,"column":24}},"loc":{"start":{"line":53,"column":42},"end":{"line":64,"column":1}},"line":53},"4":{"name":"(anonymous_4)","decl":{"start":{"line":66,"column":26},"end":{"line":66,"column":27}},"loc":{"start":{"line":66,"column":45},"end":{"line":77,"column":1}},"line":66},"5":{"name":"(anonymous_5)","decl":{"start":{"line":79,"column":23},"end":{"line":79,"column":24}},"loc":{"start":{"line":79,"column":56},"end":{"line":89,"column":1}},"line":79}},"branchMap":{"0":{"loc":{"start":{"line":21,"column":22},"end":{"line":21,"column":33}},"type":"binary-expr","locations":[{"start":{"line":21,"column":22},"end":{"line":21,"column":28}},{"start":{"line":21,"column":32},"end":{"line":21,"column":33}}],"line":21},"1":{"loc":{"start":{"line":30,"column":8},"end":{"line":32,"column":9}},"type":"if","locations":[{"start":{"line":30,"column":8},"end":{"line":32,"column":9}},{"start":{},"end":{}}],"line":30},"2":{"loc":{"start":{"line":30,"column":12},"end":{"line":30,"column":82}},"type":"binary-expr","locations":[{"start":{"line":30,"column":12},"end":{"line":30,"column":30}},{"start":{"line":30,"column":35},"end":{"line":30,"column":55}},{"start":{"line":30,"column":59},"end":{"line":30,"column":81}}],"line":30},"3":{"loc":{"start":{"line":40,"column":12},"end":{"line":40,"column":23}},"type":"binary-expr","locations":[{"start":{"line":40,"column":12},"end":{"line":40,"column":18}},{"start":{"line":40,"column":22},"end":{"line":40,"column":23}}],"line":40}},"s":{"0":1,"1":1,"2":1,"3":0,"4":0,"5":0,"6":0,"7":1,"8":0,"9":0,"10":0,"11":0,"12":0,"13":0,"14":0,"15":0,"16":0,"17":0,"18":0,"19":0,"20":0,"21":0,"22":0,"23":0,"24":0,"25":0,"26":1,"27":0,"28":0,"29":0,"30":0,"31":0,"32":1,"33":0,"34":0,"35":0,"36":0,"37":0,"38":1,"39":0,"40":0,"41":0,"42":0,"43":1},"f":{"0":0,"1":0,"2":0,"3":0,"4":0,"5":0},"b":{"0":[0,0],"1":[0,0],"2":[0,0,0],"3":[0,0]},"_coverageSchema":"1a1c01bbd47fc00a2c39e90264f33305004495a9","hash":"5b1f6e557d02874bc45aa5de9e2dcd4b1ecfa0b9"}
,"/Users/macbook/Documents/ppl-backend/services/profileService.js": {"path":"/Users/macbook/Documents/ppl-backend/services/profileService.js","statementMap":{"0":{"start":{"line":1,"column":18},"end":{"line":1,"column":38}},"1":{"start":{"line":2,"column":13},"end":{"line":2,"column":38}},"2":{"start":{"line":4,"column":24},"end":{"line":12,"column":1}},"3":{"start":{"line":5,"column":4},"end":{"line":11,"column":5}},"4":{"start":{"line":6,"column":25},"end":{"line":6,"column":76}},"5":{"start":{"line":7,"column":8},"end":{"line":7,"column":24}},"6":{"start":{"line":9,"column":8},"end":{"line":9,"column":29}},"7":{"start":{"line":10,"column":8},"end":{"line":10,"column":72}},"8":{"start":{"line":14,"column":24},"end":{"line":26,"column":1}},"9":{"start":{"line":15,"column":4},"end":{"line":25,"column":5}},"10":{"start":{"line":16,"column":26},"end":{"line":16,"column":89}},"11":{"start":{"line":17,"column":8},"end":{"line":20,"column":9}},"12":{"start":{"line":18,"column":29},"end":{"line":18,"column":80}},"13":{"start":{"line":19,"column":12},"end":{"line":19,"column":28}},"14":{"start":{"line":21,"column":8},"end":{"line":21,"column":20}},"15":{"start":{"line":23,"column":8},"end":{"line":23,"column":29}},"16":{"start":{"line":24,"column":8},"end":{"line":24,"column":74}},"17":{"start":{"line":28,"column":22},"end":{"line":40,"column":1}},"18":{"start":{"line":29,"column":4},"end":{"line":39,"column":5}},"19":{"start":{"line":30,"column":29},"end":{"line":34,"column":10}},"20":{"start":{"line":35,"column":8},"end":{"line":35,"column":28}},"21":{"start":{"line":37,"column":8},"end":{"line":37,"column":29}},"22":{"start":{"line":38,"column":8},"end":{"line":38,"column":73}},"23":{"start":{"line":42,"column":0},"end":{"line":46,"column":1}}},"fnMap":{"0":{"name":"(anonymous_0)","decl":{"start":{"line":4,"column":24},"end":{"line":4,"column":25}},"loc":{"start":{"line":4,"column":43},"end":{"line":12,"column":1}},"line":4},"1":{"name":"(anonymous_1)","decl":{"start":{"line":14,"column":24},"end":{"line":14,"column":25}},"loc":{"start":{"line":14,"column":56},"end":{"line":26,"column":1}},"line":14},"2":{"name":"(anonymous_2)","decl":{"start":{"line":28,"column":22},"end":{"line":28,"column":23}},"loc":{"start":{"line":28,"column":51},"end":{"line":40,"column":1}},"line":28}},"branchMap":{"0":{"loc":{"start":{"line":17,"column":8},"end":{"line":20,"column":9}},"type":"if","locations":[{"start":{"line":17,"column":8},"end":{"line":20,"column":9}},{"start":{},"end":{}}],"line":17}},"s":{"0":1,"1":1,"2":1,"3":0,"4":0,"5":0,"6":0,"7":0,"8":1,"9":0,"10":0,"11":0,"12":0,"13":0,"14":0,"15":0,"16":0,"17":1,"18":0,"19":0,"20":0,"21":0,"22":0,"23":1},"f":{"0":0,"1":0,"2":0},"b":{"0":[0,0]},"_coverageSchema":"1a1c01bbd47fc00a2c39e90264f33305004495a9","hash":"b587104b31bde8adccfcc0094ef4acdc374f57e6"}
,"/Users/macbook/Documents/ppl-backend/services/sensorService.js": {"path":"/Users/macbook/Documents/ppl-backend/services/sensorService.js","statementMap":{"0":{"start":{"line":1,"column":15},"end":{"line":1,"column":42}},"1":{"start":{"line":3,"column":21},"end":{"line":13,"column":1}},"2":{"start":{"line":4,"column":4},"end":{"line":12,"column":5}},"3":{"start":{"line":5,"column":31},"end":{"line":8,"column":10}},"4":{"start":{"line":9,"column":8},"end":{"line":9,"column":30}},"5":{"start":{"line":11,"column":8},"end":{"line":11,"column":59}},"6":{"start":{"line":15,"column":23},"end":{"line":25,"column":1}},"7":{"start":{"line":16,"column":4},"end":{"line":24,"column":5}},"8":{"start":{"line":17,"column":27},"end":{"line":20,"column":9}},"9":{"start":{"line":21,"column":8},"end":{"line":21,"column":26}},"10":{"start":{"line":23,"column":8},"end":{"line":23,"column":56}},"11":{"start":{"line":27,"column":0},"end":{"line":30,"column":1}}},"fnMap":{"0":{"name":"(anonymous_0)","decl":{"start":{"line":3,"column":21},"end":{"line":3,"column":22}},"loc":{"start":{"line":3,"column":35},"end":{"line":13,"column":1}},"line":3},"1":{"name":"(anonymous_1)","decl":{"start":{"line":15,"column":23},"end":{"line":15,"column":24}},"loc":{"start":{"line":15,"column":55},"end":{"line":25,"column":1}},"line":15}},"branchMap":{},"s":{"0":1,"1":1,"2":0,"3":0,"4":0,"5":0,"6":1,"7":0,"8":0,"9":0,"10":0,"11":1},"f":{"0":0,"1":0},"b":{},"_coverageSchema":"1a1c01bbd47fc00a2c39e90264f33305004495a9","hash":"03993fc766ac20f43f0d617124f22c665460c973"}
,"/Users/macbook/Documents/ppl-backend/services/simulasiService.js": {"path":"/Users/macbook/Documents/ppl-backend/services/simulasiService.js","statementMap":{"0":{"start":{"line":1,"column":22},"end":{"line":3,"column":1}},"1":{"start":{"line":5,"column":22},"end":{"line":7,"column":1}},"2":{"start":{"line":9,"column":23},"end":{"line":11,"column":1}},"3":{"start":{"line":13,"column":0},"end":{"line":17,"column":1}}},"fnMap":{"0":{"name":"(anonymous_0)","decl":{"start":{"line":1,"column":22},"end":{"line":1,"column":23}},"loc":{"start":{"line":1,"column":28},"end":{"line":3,"column":1}},"line":1},"1":{"name":"(anonymous_1)","decl":{"start":{"line":5,"column":22},"end":{"line":5,"column":23}},"loc":{"start":{"line":5,"column":28},"end":{"line":7,"column":1}},"line":5},"2":{"name":"(anonymous_2)","decl":{"start":{"line":9,"column":23},"end":{"line":9,"column":24}},"loc":{"start":{"line":9,"column":29},"end":{"line":11,"column":1}},"line":9}},"branchMap":{},"s":{"0":1,"1":1,"2":1,"3":1},"f":{"0":0,"1":0,"2":0},"b":{},"_coverageSchema":"1a1c01bbd47fc00a2c39e90264f33305004495a9","hash":"1f1f931aab9b7dae9bda2c03de264b15345c2575"}
,"/Users/macbook/Documents/ppl-backend/utils/signToken.js": {"path":"/Users/macbook/Documents/ppl-backend/utils/signToken.js","statementMap":{"0":{"start":{"line":1,"column":12},"end":{"line":1,"column":35}},"1":{"start":{"line":3,"column":20},"end":{"line":6,"column":1}},"2":{"start":{"line":4,"column":21},"end":{"line":4,"column":75}},"3":{"start":{"line":5,"column":4},"end":{"line":5,"column":20}},"4":{"start":{"line":8,"column":0},"end":{"line":10,"column":1}}},"fnMap":{"0":{"name":"(anonymous_0)","decl":{"start":{"line":3,"column":20},"end":{"line":3,"column":21}},"loc":{"start":{"line":3,"column":33},"end":{"line":6,"column":1}},"line":3}},"branchMap":{},"s":{"0":1,"1":1,"2":1,"3":1,"4":1},"f":{"0":1},"b":{},"_coverageSchema":"1a1c01bbd47fc00a2c39e90264f33305004495a9","hash":"a41730c994b184203cede096bab5b49b9298157f"}
,"/Users/macbook/Documents/ppl-backend/validations/authValidation.js": {"path":"/Users/macbook/Documents/ppl-backend/validations/authValidation.js","statementMap":{"0":{"start":{"line":1,"column":12},"end":{"line":1,"column":26}},"1":{"start":{"line":3,"column":19},"end":{"line":13,"column":1}},"2":{"start":{"line":15,"column":18},"end":{"line":25,"column":1}},"3":{"start":{"line":27,"column":0},"end":{"line":30,"column":1}}},"fnMap":{},"branchMap":{},"s":{"0":1,"1":1,"2":1,"3":1},"f":{},"b":{},"_coverageSchema":"1a1c01bbd47fc00a2c39e90264f33305004495a9","hash":"3350be869b2f3e876a7e02075264b3bfc223e132"}
,"/Users/macbook/Documents/ppl-backend/validations/sensorValidation.js": {"path":"/Users/macbook/Documents/ppl-backend/validations/sensorValidation.js","statementMap":{"0":{"start":{"line":1,"column":12},"end":{"line":1,"column":26}},"1":{"start":{"line":3,"column":21},"end":{"line":7,"column":1}},"2":{"start":{"line":9,"column":0},"end":{"line":11,"column":1}}},"fnMap":{},"branchMap":{},"s":{"0":1,"1":1,"2":1},"f":{},"b":{},"_coverageSchema":"1a1c01bbd47fc00a2c39e90264f33305004495a9","hash":"703972cbe1816a11b76cf4c026c706bbc58272f3"}
,"/Users/macbook/Documents/ppl-backend/validations/userValidation.js": {"path":"/Users/macbook/Documents/ppl-backend/validations/userValidation.js","statementMap":{"0":{"start":{"line":1,"column":12},"end":{"line":1,"column":26}},"1":{"start":{"line":3,"column":22},"end":{"line":9,"column":1}},"2":{"start":{"line":11,"column":24},"end":{"line":13,"column":1}},"3":{"start":{"line":15,"column":0},"end":{"line":18,"column":1}}},"fnMap":{},"branchMap":{},"s":{"0":1,"1":1,"2":1,"3":1},"f":{},"b":{},"_coverageSchema":"1a1c01bbd47fc00a2c39e90264f33305004495a9","hash":"d4760e2380572187acd6a657f473e6be2ad8dfb6"}
}
